<?xml version="1.0" encoding="UTF-8"?>
<testsuite name="br.com.dcsolution.group.entrypoint.rest.controller.GroupControllerIntegrationTest" tests="1" skipped="0" failures="0" errors="0" timestamp="2022-05-02T13:10:03" hostname="192.168.0.174" time="1.319">
  <properties/>
  <testcase name="findAll()" classname="br.com.dcsolution.group.entrypoint.rest.controller.GroupControllerIntegrationTest" time="1.319"/>
  <system-out><![CDATA[10:09:52.872 [Test worker] DEBUG org.springframework.test.context.BootstrapUtils - Instantiating CacheAwareContextLoaderDelegate from class [org.springframework.test.context.cache.DefaultCacheAwareContextLoaderDelegate]
10:09:52.880 [Test worker] DEBUG org.springframework.test.context.BootstrapUtils - Instantiating BootstrapContext using constructor [public org.springframework.test.context.support.DefaultBootstrapContext(java.lang.Class,org.springframework.test.context.CacheAwareContextLoaderDelegate)]
10:09:52.942 [Test worker] DEBUG org.springframework.test.context.BootstrapUtils - Instantiating TestContextBootstrapper for test class [br.com.dcsolution.group.entrypoint.rest.controller.GroupControllerIntegrationTest] from class [org.springframework.boot.test.context.SpringBootTestContextBootstrapper]
10:09:52.961 [Test worker] INFO org.springframework.boot.test.context.SpringBootTestContextBootstrapper - Neither @ContextConfiguration nor @ContextHierarchy found for test class [br.com.dcsolution.group.entrypoint.rest.controller.GroupControllerIntegrationTest], using SpringBootContextLoader
10:09:52.964 [Test worker] DEBUG org.springframework.test.context.support.AbstractContextLoader - Did not detect default resource location for test class [br.com.dcsolution.group.entrypoint.rest.controller.GroupControllerIntegrationTest]: class path resource [br/com/dcsolution/group/entrypoint/rest/controller/GroupControllerIntegrationTest-context.xml] does not exist
10:09:52.967 [Test worker] DEBUG org.springframework.test.context.support.AbstractContextLoader - Did not detect default resource location for test class [br.com.dcsolution.group.entrypoint.rest.controller.GroupControllerIntegrationTest]: class path resource [br/com/dcsolution/group/entrypoint/rest/controller/GroupControllerIntegrationTestContext.groovy] does not exist
10:09:52.967 [Test worker] INFO org.springframework.test.context.support.AbstractContextLoader - Could not detect default resource locations for test class [br.com.dcsolution.group.entrypoint.rest.controller.GroupControllerIntegrationTest]: no resource found for suffixes {-context.xml, Context.groovy}.
10:09:52.968 [Test worker] INFO org.springframework.test.context.support.AnnotationConfigContextLoaderUtils - Could not detect default configuration classes for test class [br.com.dcsolution.group.entrypoint.rest.controller.GroupControllerIntegrationTest]: GroupControllerIntegrationTest does not declare any static, non-private, non-final, nested classes annotated with @Configuration.
10:09:53.048 [Test worker] DEBUG org.springframework.test.context.support.ActiveProfilesUtils - Could not find an 'annotation declaring class' for annotation type [org.springframework.test.context.ActiveProfiles] and class [br.com.dcsolution.group.entrypoint.rest.controller.GroupControllerIntegrationTest]
10:09:53.213 [Test worker] DEBUG org.springframework.context.annotation.ClassPathScanningCandidateComponentProvider - Identified candidate component class: file [/Users/daiancosta/Projects/Back-end/java/bills-to-pay/app/build/classes/java/main/br/com/dcsolution/BillsToPayApplication.class]
10:09:53.217 [Test worker] INFO org.springframework.boot.test.context.SpringBootTestContextBootstrapper - Found @SpringBootConfiguration br.com.dcsolution.BillsToPayApplication for test class br.com.dcsolution.group.entrypoint.rest.controller.GroupControllerIntegrationTest
10:09:53.401 [Test worker] DEBUG org.springframework.boot.test.context.SpringBootTestContextBootstrapper - @TestExecutionListeners is not present for class [br.com.dcsolution.group.entrypoint.rest.controller.GroupControllerIntegrationTest]: using defaults.
10:09:53.403 [Test worker] INFO org.springframework.boot.test.context.SpringBootTestContextBootstrapper - Loaded default TestExecutionListener class names from location [META-INF/spring.factories]: [org.springframework.boot.test.autoconfigure.restdocs.RestDocsTestExecutionListener, org.springframework.boot.test.autoconfigure.web.client.MockRestServiceServerResetTestExecutionListener, org.springframework.boot.test.autoconfigure.web.servlet.MockMvcPrintOnlyOnFailureTestExecutionListener, org.springframework.boot.test.autoconfigure.web.servlet.WebDriverTestExecutionListener, org.springframework.boot.test.autoconfigure.webservices.client.MockWebServiceServerTestExecutionListener, org.springframework.boot.test.mock.mockito.MockitoTestExecutionListener, org.springframework.boot.test.mock.mockito.ResetMocksTestExecutionListener, org.springframework.test.context.web.ServletTestExecutionListener, org.springframework.test.context.support.DirtiesContextBeforeModesTestExecutionListener, org.springframework.test.context.event.ApplicationEventsTestExecutionListener, org.springframework.test.context.support.DependencyInjectionTestExecutionListener, org.springframework.test.context.support.DirtiesContextTestExecutionListener, org.springframework.test.context.transaction.TransactionalTestExecutionListener, org.springframework.test.context.jdbc.SqlScriptsTestExecutionListener, org.springframework.test.context.event.EventPublishingTestExecutionListener]
10:09:53.419 [Test worker] INFO org.springframework.boot.test.context.SpringBootTestContextBootstrapper - Using TestExecutionListeners: [org.springframework.test.context.web.ServletTestExecutionListener@7ba98357, org.springframework.test.context.support.DirtiesContextBeforeModesTestExecutionListener@4642bb6c, org.springframework.test.context.event.ApplicationEventsTestExecutionListener@521e50b1, org.springframework.boot.test.mock.mockito.MockitoTestExecutionListener@29c46b93, org.springframework.boot.test.autoconfigure.SpringBootDependencyInjectionTestExecutionListener@1e40e6c7, org.springframework.test.context.support.DirtiesContextTestExecutionListener@4d8aa7b8, org.springframework.test.context.transaction.TransactionalTestExecutionListener@6db1ed60, org.springframework.test.context.jdbc.SqlScriptsTestExecutionListener@67239bb6, org.springframework.test.context.event.EventPublishingTestExecutionListener@7e4c2f4b, org.springframework.boot.test.autoconfigure.restdocs.RestDocsTestExecutionListener@66e3e05d, org.springframework.boot.test.autoconfigure.web.client.MockRestServiceServerResetTestExecutionListener@45bcb0c, org.springframework.boot.test.autoconfigure.web.servlet.MockMvcPrintOnlyOnFailureTestExecutionListener@7f5e0e1a, org.springframework.boot.test.autoconfigure.web.servlet.WebDriverTestExecutionListener@60f740cd, org.springframework.boot.test.autoconfigure.webservices.client.MockWebServiceServerTestExecutionListener@19efb586, org.springframework.boot.test.mock.mockito.ResetMocksTestExecutionListener@43b61e1c]
10:09:53.423 [Test worker] DEBUG org.springframework.test.context.support.AbstractDirtiesContextTestExecutionListener - Before test class: context [DefaultTestContext@31793ea7 testClass = GroupControllerIntegrationTest, testInstance = [null], testMethod = [null], testException = [null], mergedContextConfiguration = [WebMergedContextConfiguration@4b8cbf71 testClass = GroupControllerIntegrationTest, locations = '{}', classes = '{class br.com.dcsolution.BillsToPayApplication}', contextInitializerClasses = '[]', activeProfiles = '{}', propertySourceLocations = '{}', propertySourceProperties = '{org.springframework.boot.test.context.SpringBootTestContextBootstrapper=true, server.port=0}', contextCustomizers = set[org.springframework.boot.test.autoconfigure.actuate.metrics.MetricsExportContextCustomizerFactory$DisableMetricExportContextCustomizer@17885053, org.springframework.boot.test.autoconfigure.properties.PropertyMappingContextCustomizer@0, org.springframework.boot.test.autoconfigure.web.servlet.WebDriverContextCustomizerFactory$Customizer@13072262, org.springframework.boot.test.context.filter.ExcludeFilterContextCustomizer@cc141ee, org.springframework.boot.test.json.DuplicateJsonObjectContextCustomizerFactory$DuplicateJsonObjectContextCustomizer@74c99477, org.springframework.boot.test.mock.mockito.MockitoContextCustomizer@0, org.springframework.boot.test.web.client.TestRestTemplateContextCustomizer@6e10101b, org.springframework.boot.test.context.SpringBootTestArgs@1, org.springframework.boot.test.context.SpringBootTestWebEnvironment@2d306d56], resourceBasePath = 'src/main/webapp', contextLoader = 'org.springframework.boot.test.context.SpringBootContextLoader', parent = [null]], attributes = map['org.springframework.test.context.web.ServletTestExecutionListener.activateListener' -> false]], class annotated with @DirtiesContext [false] with mode [null].
10:09:53.463 [Test worker] DEBUG org.springframework.test.context.support.DependencyInjectionTestExecutionListener - Performing dependency injection for test context [[DefaultTestContext@31793ea7 testClass = GroupControllerIntegrationTest, testInstance = br.com.dcsolution.group.entrypoint.rest.controller.GroupControllerIntegrationTest@408056ec, testMethod = [null], testException = [null], mergedContextConfiguration = [WebMergedContextConfiguration@4b8cbf71 testClass = GroupControllerIntegrationTest, locations = '{}', classes = '{class br.com.dcsolution.BillsToPayApplication}', contextInitializerClasses = '[]', activeProfiles = '{}', propertySourceLocations = '{}', propertySourceProperties = '{org.springframework.boot.test.context.SpringBootTestContextBootstrapper=true, server.port=0}', contextCustomizers = set[org.springframework.boot.test.autoconfigure.actuate.metrics.MetricsExportContextCustomizerFactory$DisableMetricExportContextCustomizer@17885053, org.springframework.boot.test.autoconfigure.properties.PropertyMappingContextCustomizer@0, org.springframework.boot.test.autoconfigure.web.servlet.WebDriverContextCustomizerFactory$Customizer@13072262, org.springframework.boot.test.context.filter.ExcludeFilterContextCustomizer@cc141ee, org.springframework.boot.test.json.DuplicateJsonObjectContextCustomizerFactory$DuplicateJsonObjectContextCustomizer@74c99477, org.springframework.boot.test.mock.mockito.MockitoContextCustomizer@0, org.springframework.boot.test.web.client.TestRestTemplateContextCustomizer@6e10101b, org.springframework.boot.test.context.SpringBootTestArgs@1, org.springframework.boot.test.context.SpringBootTestWebEnvironment@2d306d56], resourceBasePath = 'src/main/webapp', contextLoader = 'org.springframework.boot.test.context.SpringBootContextLoader', parent = [null]], attributes = map['org.springframework.test.context.web.ServletTestExecutionListener.activateListener' -> false, 'org.springframework.test.context.event.ApplicationEventsTestExecutionListener.recordApplicationEvents' -> false]]].

  .   ____          _            __ _ _
 /\\ / ___'_ __ _ _(_)_ __  __ _ \ \ \ \
( ( )\___ | '_ | '_| | '_ \/ _` | \ \ \ \
 \\/  ___)| |_)| | | | | || (_| |  ) ) ) )
  '  |____| .__|_| |_|_| |_\__, | / / / /
 =========|_|==============|___/=/_/_/_/
 :: Spring Boot ::                (v2.6.7)

2022-05-02 10:09:54.171  INFO 64481 --- [    Test worker] d.g.e.r.c.GroupControllerIntegrationTest : Starting GroupControllerIntegrationTest using Java 11.0.10 on 192.168.0.174 with PID 64481 (started by daiancosta in /Users/daiancosta/Projects/Back-end/java/bills-to-pay/app)
2022-05-02 10:09:54.176  INFO 64481 --- [    Test worker] d.g.e.r.c.GroupControllerIntegrationTest : No active profile set, falling back to 1 default profile: "default"
2022-05-02 10:09:56.076  INFO 64481 --- [    Test worker] .s.d.r.c.RepositoryConfigurationDelegate : Bootstrapping Spring Data JPA repositories in DEFAULT mode.
2022-05-02 10:09:56.170  INFO 64481 --- [    Test worker] .s.d.r.c.RepositoryConfigurationDelegate : Finished Spring Data repository scanning in 81 ms. Found 1 JPA repository interfaces.
2022-05-02 10:09:57.530  INFO 64481 --- [    Test worker] o.s.b.w.embedded.tomcat.TomcatWebServer  : Tomcat initialized with port(s): 0 (http)
2022-05-02 10:09:57.544  INFO 64481 --- [    Test worker] o.apache.catalina.core.StandardService   : Starting service [Tomcat]
2022-05-02 10:09:57.544  INFO 64481 --- [    Test worker] org.apache.catalina.core.StandardEngine  : Starting Servlet engine: [Apache Tomcat/9.0.62]
2022-05-02 10:09:57.766  INFO 64481 --- [    Test worker] o.a.c.c.C.[Tomcat].[localhost].[/]       : Initializing Spring embedded WebApplicationContext
2022-05-02 10:09:57.766  INFO 64481 --- [    Test worker] w.s.c.ServletWebServerApplicationContext : Root WebApplicationContext: initialization completed in 3541 ms
2022-05-02 10:09:58.142  INFO 64481 --- [    Test worker] com.zaxxer.hikari.HikariDataSource       : HikariPool-1 - Starting...
2022-05-02 10:09:58.264  INFO 64481 --- [    Test worker] com.zaxxer.hikari.pool.PoolBase          : HikariPool-1 - Driver does not support get/set network timeout for connections. (Receiver class org.h2.jdbc.JdbcConnection does not define or inherit an implementation of the resolved method abstract getNetworkTimeout()I of interface java.sql.Connection.)
2022-05-02 10:09:58.282  INFO 64481 --- [    Test worker] com.zaxxer.hikari.HikariDataSource       : HikariPool-1 - Start completed.
2022-05-02 10:09:58.323  INFO 64481 --- [    Test worker] o.s.b.a.h2.H2ConsoleAutoConfiguration    : H2 console available at '/h2-console'. Database available at 'jdbc:h2:mem:testdb'
2022-05-02 10:09:58.875  INFO 64481 --- [    Test worker] o.hibernate.jpa.internal.util.LogHelper  : HHH000204: Processing PersistenceUnitInfo [name: default]
2022-05-02 10:09:58.938  INFO 64481 --- [    Test worker] org.hibernate.Version                    : HHH000412: Hibernate ORM core version 5.6.8.Final
2022-05-02 10:09:59.158  INFO 64481 --- [    Test worker] o.hibernate.annotations.common.Version   : HCANN000001: Hibernate Commons Annotations {5.1.2.Final}
2022-05-02 10:09:59.961  INFO 64481 --- [    Test worker] org.hibernate.dialect.Dialect            : HHH000400: Using dialect: org.hibernate.dialect.H2Dialect
2022-05-02 10:10:01.023  INFO 64481 --- [    Test worker] o.h.e.t.j.p.i.JtaPlatformInitiator       : HHH000490: Using JtaPlatform implementation: [org.hibernate.engine.transaction.jta.platform.internal.NoJtaPlatform]
2022-05-02 10:10:01.033  INFO 64481 --- [    Test worker] j.LocalContainerEntityManagerFactoryBean : Initialized JPA EntityManagerFactory for persistence unit 'default'
2022-05-02 10:10:01.880  WARN 64481 --- [    Test worker] JpaBaseConfiguration$JpaWebConfiguration : spring.jpa.open-in-view is enabled by default. Therefore, database queries may be performed during view rendering. Explicitly configure spring.jpa.open-in-view to disable this warning
2022-05-02 10:10:03.440  INFO 64481 --- [    Test worker] o.s.b.a.e.web.EndpointLinksResolver      : Exposing 1 endpoint(s) beneath base path '/actuator'
2022-05-02 10:10:03.568  INFO 64481 --- [    Test worker] o.s.b.w.embedded.tomcat.TomcatWebServer  : Tomcat started on port(s): 52757 (http) with context path ''
2022-05-02 10:10:03.590  INFO 64481 --- [    Test worker] d.g.e.r.c.GroupControllerIntegrationTest : Started GroupControllerIntegrationTest in 10.093 seconds (JVM running for 12.26)
2022-05-02 10:10:04.599  INFO 64481 --- [o-auto-1-exec-1] o.a.c.c.C.[Tomcat].[localhost].[/]       : Initializing Spring DispatcherServlet 'dispatcherServlet'
2022-05-02 10:10:04.600  INFO 64481 --- [o-auto-1-exec-1] o.s.web.servlet.DispatcherServlet        : Initializing Servlet 'dispatcherServlet'
2022-05-02 10:10:04.604  INFO 64481 --- [o-auto-1-exec-1] o.s.web.servlet.DispatcherServlet        : Completed initialization in 3 ms
]]></system-out>
  <system-err><![CDATA[]]></system-err>
</testsuite>
